<?xml version="1.0" encoding="UTF-8"?>
<!-- Generated by org.testng.reporters.JUnitXMLReporter -->
<testsuite ignored="1" hostname="192.168.1.2" failures="0" tests="1" name="Default test" time="6.114" errors="0" timestamp="2025-05-30T08:53:16 IST">
  <testcase classname="mytests.SoftwareTestExample" name="CustomerSignin" time="0.261"/>
  <testcase classname="mytests.SoftwareTestExample" name="Customerregister" time="0.0">
    <ignored/>
  </testcase> <!-- Customerregister -->
</testsuite> <!-- Default test -->
