<?xml version="1.0" encoding="UTF-8"?>
<testng-results ignored="0" total="1" passed="1" failed="0" skipped="0">
  <reporter-output>
  </reporter-output>
  <suite started-at="2025-05-30T08:53:10 IST" name="Default suite" finished-at="2025-05-30T08:53:16 IST" duration-ms="6114">
    <groups>
    </groups>
    <test started-at="2025-05-30T08:53:10 IST" name="Default test" finished-at="2025-05-30T08:53:16 IST" duration-ms="6114">
      <class name="mytests.SoftwareTestExample">
        <test-method is-config="true" signature="initialise()[pri:0, instance:mytests.SoftwareTestExample@2c1b194a]" started-at="2025-05-30T08:53:10 IST" name="initialise" finished-at="2025-05-30T08:53:16 IST" duration-ms="5497" status="PASS">
          <reporter-output>
          </reporter-output>
        </test-method> <!-- initialise -->
        <test-method signature="CustomerSignin()[pri:0, instance:mytests.SoftwareTestExample@2c1b194a]" started-at="2025-05-30T08:53:16 IST" name="CustomerSignin" finished-at="2025-05-30T08:53:16 IST" duration-ms="261" status="PASS">
          <reporter-output>
          </reporter-output>
        </test-method> <!-- CustomerSignin -->
        <test-method is-config="true" signature="endtest()[pri:0, instance:mytests.SoftwareTestExample@2c1b194a]" started-at="2025-05-30T08:53:16 IST" name="endtest" finished-at="2025-05-30T08:53:16 IST" duration-ms="287" status="PASS">
          <reporter-output>
          </reporter-output>
        </test-method> <!-- endtest -->
      </class> <!-- mytests.SoftwareTestExample -->
    </test> <!-- Default test -->
  </suite> <!-- Default suite -->
</testng-results>
